/afs/ece/support/synopsys/synopsys.release/P-Foundation/2019.03/syn/P-2019.03/auxx/gui/dv/dv_setup.tcl
/afs/ece/support/synopsys/synopsys.release/P-Foundation/2019.03/syn/P-2019.03/auxx/gui/syn/snpsSynProcs.tcl
/afs/ece/support/synopsys/synopsys.release/P-Foundation/2019.03/syn/P-2019.03/auxx/gui/syn/layout/pkgIndex.tcl
/afs/ece/support/synopsys/synopsys.release/P-Foundation/2019.03/syn/P-2019.03/auxx/gui/common/WindowFrameWork/pkgIndex.tcl
/afs/ece/support/synopsys/synopsys.release/P-Foundation/2019.03/syn/P-2019.03/auxx/gui/common/acg/pkgIndex.tcl
/afs/ece/support/synopsys/synopsys.release/P-Foundation/2019.03/syn/P-2019.03/auxx/gui/common/commandform/pkgIndex.tcl
/afs/ece/support/synopsys/synopsys.release/P-Foundation/2019.03/syn/P-2019.03/auxx/gui/common/dialogs/pkgIndex.tcl
/afs/ece/support/synopsys/synopsys.release/P-Foundation/2019.03/syn/P-2019.03/auxx/gui/common/docBrowser/pkgIndex.tcl
/afs/ece/support/synopsys/synopsys.release/P-Foundation/2019.03/syn/P-2019.03/auxx/gui/common/fanoutviewer/pkgIndex.tcl
/afs/ece/support/synopsys/synopsys.release/P-Foundation/2019.03/syn/P-2019.03/auxx/gui/common/hierarchy/pkgIndex.tcl
/afs/ece/support/synopsys/synopsys.release/P-Foundation/2019.03/syn/P-2019.03/auxx/gui/common/highlight/pkgIndex.tcl
/afs/ece/support/synopsys/synopsys.release/P-Foundation/2019.03/syn/P-2019.03/auxx/gui/common/histogram/pkgIndex.tcl
/afs/ece/support/synopsys/synopsys.release/P-Foundation/2019.03/syn/P-2019.03/auxx/gui/common/layout/pkgIndex.tcl
/afs/ece/support/synopsys/synopsys.release/P-Foundation/2019.03/syn/P-2019.03/auxx/gui/common/libviewer/pkgIndex.tcl
/afs/ece/support/synopsys/synopsys.release/P-Foundation/2019.03/syn/P-2019.03/auxx/gui/common/menus/pkgIndex.tcl
/afs/ece/support/synopsys/synopsys.release/P-Foundation/2019.03/syn/P-2019.03/auxx/gui/common/misc/pkgIndex.tcl
/afs/ece/support/synopsys/synopsys.release/P-Foundation/2019.03/syn/P-2019.03/auxx/gui/common/mrupalette/pkgIndex.tcl
/afs/ece/support/synopsys/synopsys.release/P-Foundation/2019.03/syn/P-2019.03/auxx/gui/common/opdlg/pkgIndex.tcl
/afs/ece/support/synopsys/synopsys.release/P-Foundation/2019.03/syn/P-2019.03/auxx/gui/common/palettegroup/pkgIndex.tcl
/afs/ece/support/synopsys/synopsys.release/P-Foundation/2019.03/syn/P-2019.03/auxx/gui/common/pathinspector/pkgIndex.tcl
/afs/ece/support/synopsys/synopsys.release/P-Foundation/2019.03/syn/P-2019.03/auxx/gui/common/profiler/pkgIndex.tcl
/afs/ece/support/synopsys/synopsys.release/P-Foundation/2019.03/syn/P-2019.03/auxx/gui/common/qtcl/pkgIndex.tcl
/afs/ece/support/synopsys/synopsys.release/P-Foundation/2019.03/syn/P-2019.03/auxx/gui/common/regressionToolkit/pkgIndex.tcl
/afs/ece/support/synopsys/synopsys.release/P-Foundation/2019.03/syn/P-2019.03/auxx/gui/common/schematic/pkgIndex.tcl
/afs/ece/support/synopsys/synopsys.release/P-Foundation/2019.03/syn/P-2019.03/auxx/gui/common/select/pkgIndex.tcl
/afs/ece/support/synopsys/synopsys.release/P-Foundation/2019.03/syn/P-2019.03/auxx/gui/common/setup/pkgIndex.tcl
/afs/ece/support/synopsys/synopsys.release/P-Foundation/2019.03/syn/P-2019.03/auxx/gui/common/strokes/pkgIndex.tcl
/afs/ece/support/synopsys/synopsys.release/P-Foundation/2019.03/syn/P-2019.03/auxx/gui/common/table/pkgIndex.tcl
/afs/ece/support/synopsys/synopsys.release/P-Foundation/2019.03/syn/P-2019.03/auxx/gui/common/tcl-dp/pkgIndex.tcl
/afs/ece/support/synopsys/synopsys.release/P-Foundation/2019.03/syn/P-2019.03/auxx/gui/common/tiledview/pkgIndex.tcl
/afs/ece/support/synopsys/synopsys.release/P-Foundation/2019.03/syn/P-2019.03/auxx/gui/common/timing/pkgIndex.tcl
/afs/ece/support/synopsys/synopsys.release/P-Foundation/2019.03/syn/P-2019.03/auxx/gui/common/tq/pkgIndex.tcl
/afs/ece/support/synopsys/synopsys.release/P-Foundation/2019.03/syn/P-2019.03/auxx/gui/common/view/pkgIndex.tcl
/afs/ece/support/synopsys/synopsys.release/P-Foundation/2019.03/syn/P-2019.03/auxx/gui/dv/pkgIndex.tcl
/afs/ece/support/synopsys/synopsys.release/P-Foundation/2019.03/syn/P-2019.03/auxx/syn/lib/pkgIndex.tcl
/afs/ece/support/synopsys/synopsys.release/P-Foundation/2019.03/syn/P-2019.03/auxx/tcllib/lib/iwidgets4.1/pkgIndex.tcl
/afs/ece/support/synopsys/synopsys.release/P-Foundation/2019.03/syn/P-2019.03/auxx/tcllib/snps_tcl/snpsTclPro/pkgIndex.tcl
/afs/ece/support/synopsys/synopsys.release/P-Foundation/2019.03/syn/P-2019.03/auxx/tcllib/snps_tcl/snpsTest/pkgIndex.tcl
/afs/ece/support/synopsys/synopsys.release/P-Foundation/2019.03/syn/P-2019.03/auxx/tcllib/snps_tcl/snpsUtils/pkgIndex.tcl
/afs/ece/support/synopsys/synopsys.release/P-Foundation/2019.03/syn/P-2019.03/auxx/tcllib/snps_tcl/pkgIndex.tcl
/afs/ece/support/synopsys/synopsys.release/P-Foundation/2019.03/syn/P-2019.03/auxx/tcllib/lib/tcl8.6/dde/pkgIndex.tcl
/afs/ece/support/synopsys/synopsys.release/P-Foundation/2019.03/syn/P-2019.03/auxx/tcllib/lib/tcl8.6/http/pkgIndex.tcl
/afs/ece/support/synopsys/synopsys.release/P-Foundation/2019.03/syn/P-2019.03/auxx/tcllib/lib/tcl8.6/http1.0/pkgIndex.tcl
/afs/ece/support/synopsys/synopsys.release/P-Foundation/2019.03/syn/P-2019.03/auxx/tcllib/lib/tcl8.6/msgcat/pkgIndex.tcl
/afs/ece/support/synopsys/synopsys.release/P-Foundation/2019.03/syn/P-2019.03/auxx/tcllib/lib/tcl8.6/opt/pkgIndex.tcl
/afs/ece/support/synopsys/synopsys.release/P-Foundation/2019.03/syn/P-2019.03/auxx/tcllib/lib/tcl8.6/platform/pkgIndex.tcl
/afs/ece/support/synopsys/synopsys.release/P-Foundation/2019.03/syn/P-2019.03/auxx/tcllib/lib/tcl8.6/reg/pkgIndex.tcl
/afs/ece/support/synopsys/synopsys.release/P-Foundation/2019.03/syn/P-2019.03/auxx/tcllib/lib/tcl8.6/tcltest/pkgIndex.tcl
/afs/ece/support/synopsys/synopsys.release/P-Foundation/2019.03/syn/P-2019.03/auxx/gui/common/setup/snpsCommonSetup.tcl
/afs/ece/support/synopsys/synopsys.release/P-Foundation/2019.03/syn/P-2019.03/auxx/gui/common/setup/snpsCustomize.tcl
/afs/ece/support/synopsys/synopsys.release/P-Foundation/2019.03/syn/P-2019.03/auxx/gui/common/setup/snpsProcheck.tcl
/afs/ece/support/synopsys/synopsys.release/P-Foundation/2019.03/syn/P-2019.03/auxx/gui/common/qtcl/.synopsys_qtcl.tcl
/afs/ece/support/synopsys/synopsys.release/P-Foundation/2019.03/syn/P-2019.03/auxx/gui/common/highlight/highlight.tcl
/afs/ece/support/synopsys/synopsys.release/P-Foundation/2019.03/syn/P-2019.03/auxx/gui/common/misc/base.tcl
/afs/ece/support/synopsys/synopsys.release/P-Foundation/2019.03/syn/P-2019.03/auxx/gui/common/misc/timing.tcl
/afs/ece/support/synopsys/synopsys.release/P-Foundation/2019.03/syn/P-2019.03/auxx/gui/common/misc/setting.tcl
/afs/ece/support/synopsys/synopsys.release/P-Foundation/2019.03/syn/P-2019.03/auxx/gui/common/misc/preset.tcl
/afs/ece/support/synopsys/synopsys.release/P-Foundation/2019.03/syn/P-2019.03/auxx/gui/common/WindowFrameWork/windowFrameWork.tcl
/afs/ece/support/synopsys/synopsys.release/P-Foundation/2019.03/syn/P-2019.03/auxx/gui/common/WindowFrameWork/skipBusyCursorCmdList.tcl
/afs/ece/support/synopsys/synopsys.release/P-Foundation/2019.03/syn/P-2019.03/auxx/gui/common/docBrowser/docBrowser.tcl
/afs/ece/support/synopsys/synopsys.release/P-Foundation/2019.03/syn/P-2019.03/auxx/tcllib/snps_tcl/snpsUtils/snpsUtils.tcl
/afs/ece/support/synopsys/synopsys.release/P-Foundation/2019.03/syn/P-2019.03/auxx/gui/common/dialogs/ObjectChooser.tcl
/afs/ece/support/synopsys/synopsys.release/P-Foundation/2019.03/syn/P-2019.03/auxx/gui/common/misc/DialogObjectChooser.tcl
/afs/ece/support/synopsys/synopsys.release/P-Foundation/2019.03/syn/P-2019.03/auxx/gui/common/dialogs/HistBinInformation.tcl
/afs/ece/support/synopsys/synopsys.release/P-Foundation/2019.03/syn/P-2019.03/auxx/gui/common/dialogs/HistBin1Information.tcl
/afs/ece/support/synopsys/synopsys.release/P-Foundation/2019.03/syn/P-2019.03/auxx/gui/common/dialogs/BinsOnlyInformation.tcl
/afs/ece/support/synopsys/synopsys.release/P-Foundation/2019.03/syn/P-2019.03/auxx/gui/common/dialogs/FileChooser.tcl
/afs/ece/support/synopsys/synopsys.release/P-Foundation/2019.03/syn/P-2019.03/auxx/gui/common/dialogs/PathPinSimpleInfo.tcl
/afs/ece/support/synopsys/synopsys.release/P-Foundation/2019.03/syn/P-2019.03/auxx/gui/common/dialogs/PathsBasicInfo.tcl
/afs/ece/support/synopsys/synopsys.release/P-Foundation/2019.03/syn/P-2019.03/auxx/gui/common/dialogs/PathsBasicSimpleInfo.tcl
/afs/ece/support/synopsys/synopsys.release/P-Foundation/2019.03/syn/P-2019.03/auxx/gui/common/dialogs/SlctOperationInfo.tcl
/afs/ece/support/synopsys/synopsys.release/P-Foundation/2019.03/syn/P-2019.03/auxx/gui/common/dialogs/ObjectListInfo.tcl
/afs/ece/support/synopsys/synopsys.release/P-Foundation/2019.03/syn/P-2019.03/auxx/gui/common/dialogs/FanInOutInfo.tcl
/afs/ece/support/synopsys/synopsys.release/P-Foundation/2019.03/syn/P-2019.03/auxx/gui/common/dialogs/NumberOfLevelsChooser.tcl
/afs/ece/support/synopsys/synopsys.release/P-Foundation/2019.03/syn/P-2019.03/auxx/gui/common/dialogs/WindowReuseInfo.tcl
/afs/ece/support/synopsys/synopsys.release/P-Foundation/2019.03/syn/P-2019.03/auxx/gui/common/dialogs/ReportOutputOptionInfo.tcl
/afs/ece/support/synopsys/synopsys.release/P-Foundation/2019.03/syn/P-2019.03/auxx/gui/common/setup/snpsCollections.tcl
/afs/ece/support/synopsys/synopsys.release/P-Foundation/2019.03/syn/P-2019.03/auxx/gui/common/dialogs/CompileLinkDesign.tcl
/afs/ece/support/synopsys/synopsys.release/P-Foundation/2019.03/syn/P-2019.03/auxx/gui/common/histogram/DialogEndpointSlack.tcl
/afs/ece/support/synopsys/synopsys.release/P-Foundation/2019.03/syn/P-2019.03/auxx/gui/common/histogram/DialogPathsSlack.tcl
/afs/ece/support/synopsys/synopsys.release/P-Foundation/2019.03/syn/P-2019.03/auxx/gui/common/histogram/DialogNetCapacitance.tcl
/afs/ece/support/synopsys/synopsys.release/P-Foundation/2019.03/syn/P-2019.03/auxx/gui/common/schematic/DialogPathSchematicFanInOut.tcl
/afs/ece/support/synopsys/synopsys.release/P-Foundation/2019.03/syn/P-2019.03/auxx/gui/common/schematic/DialogPathSchematicAddPaths.tcl
/afs/andrew.cmu.edu/usr21/mbhadrap/18743/project/Column/tcl/comp_column.tcl
/afs/andrew.cmu.edu/course/18/743/backend/45nm_Nangate/pdk_v1.3_v2010_12/NangateOpenCellLibrary_PDKv1_3_v2010_12/Front_End/Liberty/NLDM/NangateOpenCellLibrary_typical.db
/afs/ece/support/synopsys/synopsys.release/syn-vJ-2014.09-SP4/libraries/syn/dw_foundation.sldb
/afs/ece/support/synopsys/synopsys.release/P-Foundation/2019.03/syn/P-2019.03/libraries/syn/gtech.db
/afs/ece/support/synopsys/synopsys.release/P-Foundation/2019.03/syn/P-2019.03/libraries/syn/standard.sldb
/afs/andrew.cmu.edu/usr21/mbhadrap/18743/project/Column/src/neuron.sv
/afs/andrew.cmu.edu/usr21/mbhadrap/18743/project/Column/src/neuron.sv
/afs/andrew.cmu.edu/usr21/mbhadrap/18743/project/Column/src/less_equal.sv
/afs/andrew.cmu.edu/usr21/mbhadrap/18743/project/Column/src/less_equal.sv
/afs/andrew.cmu.edu/usr21/mbhadrap/18743/project/Column/src/pulse2edge.sv
/afs/andrew.cmu.edu/usr21/mbhadrap/18743/project/Column/src/pulse2edge.sv
/afs/andrew.cmu.edu/usr21/mbhadrap/18743/project/Column/src/wta.sv
/afs/andrew.cmu.edu/usr21/mbhadrap/18743/project/Column/src/wta.sv
/afs/andrew.cmu.edu/usr21/mbhadrap/18743/project/Column/src/stdp.sv
/afs/andrew.cmu.edu/usr21/mbhadrap/18743/project/Column/src/stdp.sv
/afs/andrew.cmu.edu/usr21/mbhadrap/18743/project/Column/src/adder.sv
/afs/andrew.cmu.edu/usr21/mbhadrap/18743/project/Column/src/adder.sv
/afs/andrew.cmu.edu/usr21/mbhadrap/18743/project/Column/src/edge2pulse.sv
/afs/andrew.cmu.edu/usr21/mbhadrap/18743/project/Column/src/edge2pulse.sv
/afs/andrew.cmu.edu/usr21/mbhadrap/18743/project/Column/src/fsm_synapse.sv
/afs/andrew.cmu.edu/usr21/mbhadrap/18743/project/Column/src/fsm_synapse.sv
/afs/andrew.cmu.edu/usr21/mbhadrap/18743/project/Column/src/pac.sv
/afs/andrew.cmu.edu/usr21/mbhadrap/18743/project/Column/src/pac.sv
/afs/andrew.cmu.edu/usr21/mbhadrap/18743/project/Column/src/stdp_case_gen.sv
/afs/andrew.cmu.edu/usr21/mbhadrap/18743/project/Column/src/stdp_case_gen.sv
/afs/andrew.cmu.edu/usr21/mbhadrap/18743/project/Column/src/fsm_convert.sv
/afs/andrew.cmu.edu/usr21/mbhadrap/18743/project/Column/src/fsm_convert.sv
/afs/andrew.cmu.edu/usr21/mbhadrap/18743/project/Column/src/incdec.sv
/afs/andrew.cmu.edu/usr21/mbhadrap/18743/project/Column/src/incdec.sv
/afs/andrew.cmu.edu/usr21/mbhadrap/18743/project/Column/src/neuron_body.sv
/afs/andrew.cmu.edu/usr21/mbhadrap/18743/project/Column/src/neuron_body.sv
/afs/andrew.cmu.edu/usr21/mbhadrap/18743/project/Column/src/stabilize_func.sv
/afs/andrew.cmu.edu/usr21/mbhadrap/18743/project/Column/src/stabilize_func.sv
/afs/andrew.cmu.edu/usr21/mbhadrap/18743/project/Column/src/control.sv
/afs/andrew.cmu.edu/usr21/mbhadrap/18743/project/Column/src/control.sv
/afs/andrew.cmu.edu/usr21/mbhadrap/18743/project/Column/src/lib.sv
/afs/andrew.cmu.edu/usr21/mbhadrap/18743/project/Column/src/lib.sv
/afs/andrew.cmu.edu/usr21/mbhadrap/18743/project/Column/src/top.sv
/afs/andrew.cmu.edu/usr21/mbhadrap/18743/project/Column/src/top.sv
/afs/andrew.cmu.edu/usr21/mbhadrap/synopsys_cache_P-2019.03/DW01/DW01_MUX/str/NangateOpenCellLibrary_typical_9071_8167_4702/element.ddc
/afs/andrew.cmu.edu/usr21/mbhadrap/synopsys_cache_P-2019.03/DW01/DW01_mmux/str/2/NangateOpenCellLibrary_typical_9071_8167_4702/element.ddc
/afs/andrew.cmu.edu/usr21/mbhadrap/synopsys_cache_P-2019.03/DW01/DW01_mmux/str/3/NangateOpenCellLibrary_typical_9071_8167_4702/element.ddc
/afs/andrew.cmu.edu/usr21/mbhadrap/synopsys_cache_P-2019.03/DW01/DW01_mmux/str/4/NangateOpenCellLibrary_typical_9071_8167_4702/element.ddc
/afs/andrew.cmu.edu/usr21/mbhadrap/synopsys_cache_P-2019.03/DW01/DW01_mmux/str/5/NangateOpenCellLibrary_typical_9071_8167_4702/element.ddc
/afs/andrew.cmu.edu/usr21/mbhadrap/synopsys_cache_P-2019.03/DW01/DW01_NOT/str/NangateOpenCellLibrary_typical_9071_8167_4702/element.ddc
/afs/andrew.cmu.edu/usr21/mbhadrap/synopsys_cache_P-2019.03/DW01/DW01_inc/rpl/3/NangateOpenCellLibrary_typical_9071_8167_4702/element.ddc
/afs/andrew.cmu.edu/usr21/mbhadrap/synopsys_cache_P-2019.03/DW01/DW01_dec/rpl/3/NangateOpenCellLibrary_typical_9071_8167_4702/element.ddc
/afs/andrew.cmu.edu/usr21/mbhadrap/synopsys_cache_P-2019.03/DW01/DW01_incdec/rpl/3/NangateOpenCellLibrary_typical_9071_8167_4702/element.ddc
/afs/andrew.cmu.edu/usr21/mbhadrap/synopsys_cache_P-2019.03/DW01/DW01_add/rpl/3/NangateOpenCellLibrary_typical_9071_8167_4702/element.ddc
/afs/andrew.cmu.edu/usr21/mbhadrap/synopsys_cache_P-2019.03/DW01/DW01_incdec/rpl/3/NangateOpenCellLibrary_typical_9071/element.ddc
/afs/andrew.cmu.edu/usr21/mbhadrap/synopsys_cache_P-2019.03/DW01/DW_leftsh/astr/4/2/NangateOpenCellLibrary_typical_9071_8167_4702/element.ddc
/afs/andrew.cmu.edu/usr21/mbhadrap/synopsys_cache_P-2019.03/DW01/DW_leftsh/astr/4/2/NangateOpenCellLibrary_typical_9071/8167_4702/mapped.ddc
/afs/andrew.cmu.edu/usr21/mbhadrap/synopsys_cache_P-2019.03/DW02/DW_div_uns/rpl/1/2/NangateOpenCellLibrary_typical_9071_8167_4702/element.ddc
/afs/andrew.cmu.edu/usr21/mbhadrap/synopsys_cache_P-2019.03/DW02/DW_div_uns/cla/1/2/NangateOpenCellLibrary_typical_9071_8167_4702/element.ddc
/afs/andrew.cmu.edu/usr21/mbhadrap/synopsys_cache_P-2019.03/DW02/DW_div_uns/rpl/2/2/NangateOpenCellLibrary_typical_9071_8167_4702/element.ddc
/afs/andrew.cmu.edu/usr21/mbhadrap/synopsys_cache_P-2019.03/DW02/DW_div_uns/cla/2/2/NangateOpenCellLibrary_typical_9071_8167_4702/element.ddc
/afs/andrew.cmu.edu/usr21/mbhadrap/synopsys_cache_P-2019.03/DW02/DW_div_uns/rpl/3/2/NangateOpenCellLibrary_typical_9071_8167_4702/element.ddc
/afs/andrew.cmu.edu/usr21/mbhadrap/synopsys_cache_P-2019.03/DW02/DW_div_uns/cla/3/2/NangateOpenCellLibrary_typical_9071_8167_4702/element.ddc
/afs/andrew.cmu.edu/usr21/mbhadrap/synopsys_cache_P-2019.03/DW02/DW_div_uns/rpl/4/2/NangateOpenCellLibrary_typical_9071_8167_4702/element.ddc
/afs/andrew.cmu.edu/usr21/mbhadrap/synopsys_cache_P-2019.03/DW02/DW_div_uns/cla/4/2/NangateOpenCellLibrary_typical_9071_8167_4702/element.ddc
/afs/andrew.cmu.edu/usr21/mbhadrap/synopsys_cache_P-2019.03/DW01/DW_leftsh/astr/7/2/NangateOpenCellLibrary_typical_9071_8167_4702/element.ddc
/afs/andrew.cmu.edu/usr21/mbhadrap/synopsys_cache_P-2019.03/DW01/DW_leftsh/astr/11/3/NangateOpenCellLibrary_typical_9071_8167_4702/element.ddc
/afs/andrew.cmu.edu/usr21/mbhadrap/synopsys_cache_P-2019.03/DW02/DW_mult_uns/pparch/2/2/NangateOpenCellLibrary_typical_9071_8167_4702/element.ddc
/afs/andrew.cmu.edu/usr21/mbhadrap/synopsys_cache_P-2019.03/DW02/DW_mult_uns/apparch/2/2/NangateOpenCellLibrary_typical_9071_8167_4702/element.ddc
/afs/andrew.cmu.edu/usr21/mbhadrap/synopsys_cache_P-2019.03/DW01/DW_leftsh/astr/16/4/NangateOpenCellLibrary_typical_9071_8167_4702/element.ddc
/afs/andrew.cmu.edu/usr21/mbhadrap/synopsys_cache_P-2019.03/DW02/DW02_mult/csa/2/2/NangateOpenCellLibrary_typical_9071_8167_4702/element.ddc
/afs/andrew.cmu.edu/usr21/mbhadrap/synopsys_cache_P-2019.03/DW02/DW02_mult/apparch/2/2/NangateOpenCellLibrary_typical_9071_8167_4702/element.ddc
/afs/andrew.cmu.edu/usr21/mbhadrap/synopsys_cache_P-2019.03/DW02/DW_div_uns/cla/4/2/NangateOpenCellLibrary_typical_9071/element.ddc
/afs/andrew.cmu.edu/usr21/mbhadrap/synopsys_cache_P-2019.03/DW01/DW01_add/pparch/1/NangateOpenCellLibrary_typical_9071/8167_4702/mapped.ddc
/afs/andrew.cmu.edu/usr21/mbhadrap/synopsys_cache_P-2019.03/DW01/DW01_add/pparch/2/NangateOpenCellLibrary_typical_9071/8167_4702/mapped.ddc
/afs/andrew.cmu.edu/usr21/mbhadrap/synopsys_cache_P-2019.03/DW02/DW_div_uns/cla/3/2/NangateOpenCellLibrary_typical_9071/element.ddc
/afs/andrew.cmu.edu/usr21/mbhadrap/synopsys_cache_P-2019.03/DW02/DW_div_uns/cla/2/2/NangateOpenCellLibrary_typical_9071/element.ddc
/afs/andrew.cmu.edu/usr21/mbhadrap/synopsys_cache_P-2019.03/DW02/DW_div_uns/cla/1/2/NangateOpenCellLibrary_typical_9071/element.ddc
/afs/andrew.cmu.edu/usr21/mbhadrap/synopsys_cache_P-2019.03/DW02/DW_mult_uns/apparch/2/2/NangateOpenCellLibrary_typical_9071/8167_4702/mapped.ddc
/afs/andrew.cmu.edu/usr21/mbhadrap/synopsys_cache_P-2019.03/DW01/DW01_inc/rpl/3/NangateOpenCellLibrary_typical_9071/element.ddc
/afs/andrew.cmu.edu/usr21/mbhadrap/synopsys_cache_P-2019.03/DW01/DW01_add/rpl/6/NangateOpenCellLibrary_typical_9071_8167_4702/element.ddc
/afs/andrew.cmu.edu/usr21/mbhadrap/synopsys_cache_P-2019.03/DW01/DW01_add/rpl/4/NangateOpenCellLibrary_typical_9071_8167_4702/element.ddc
/afs/andrew.cmu.edu/usr21/mbhadrap/synopsys_cache_P-2019.03/DW01/DW01_add/rpl/4/NangateOpenCellLibrary_typical_9071/element.ddc
/afs/andrew.cmu.edu/usr21/mbhadrap/synopsys_cache_P-2019.03/DW01/DW01_add/rpl/3/NangateOpenCellLibrary_typical_9071/element.ddc
/afs/andrew.cmu.edu/usr21/mbhadrap/synopsys_cache_P-2019.03/DW01/DW01_add/rpl/2/NangateOpenCellLibrary_typical_9071_8167_4702/element.ddc
/afs/andrew.cmu.edu/usr21/mbhadrap/synopsys_cache_P-2019.03/DW01/DW01_add/rpl/2/NangateOpenCellLibrary_typical_9071/element.ddc
/afs/andrew.cmu.edu/usr21/mbhadrap/synopsys_cache_P-2019.03/DW01/DW01_add/rpl/6/NangateOpenCellLibrary_typical_9071/element.ddc
/afs/andrew.cmu.edu/course/18/743/backend/45nm_Nangate/pdk_v1.3_v2010_12/NangateOpenCellLibrary_PDKv1_3_v2010_12/Front_End/Liberty/NLDM/NangateOpenCellLibrary_typical.db
/afs/andrew.cmu.edu/course/18/743/backend/45nm_Nangate/pdk_v1.3_v2010_12/NangateOpenCellLibrary_PDKv1_3_v2010_12/Front_End/Liberty/NLDM/NangateOpenCellLibrary_typical.db
